Performing C++ SOURCE FILE Test OPENMP_HAVE_WERROR_FLAG failed with the following output:
Change Dir: D:/Workspaces/TWLLVMCLangFormat.Source/openmp/out/build/x64-Debug/CMakeFiles/CMakeTmp

Run Build Command(s):C:/Program Files (x86)/Microsoft Visual Studio/2019/Enterprise/Common7/IDE/CommonExtensions/Microsoft/CMake/Ninja/ninja.exe cmTC_a8719 && [1/2] Building CXX object CMakeFiles\cmTC_a8719.dir\src.cxx.obj
FAILED: CMakeFiles/cmTC_a8719.dir/src.cxx.obj 
C:\PROGRA~2\MICROS~3\2019\ENTERP~1\VC\Tools\MSVC\1425~1.286\bin\HostX64\x64\cl.exe  /nologo /TP   /DWIN32 /D_WINDOWS /W3 /GR /EHsc -DOPENMP_HAVE_WERROR_FLAG /MDd /Zi /Ob0 /Od /RTC1   -Werror /showIncludes /FoCMakeFiles\cmTC_a8719.dir\src.cxx.obj /FdCMakeFiles\cmTC_a8719.dir\ /FS -c src.cxx
cl : Command line error D8021 : invalid numeric argument '/Werror'
ninja: build stopped: subcommand failed.


Source file was:
int main() { return 0; }
Performing C++ SOURCE FILE Test OPENMP_HAVE_WCAST_QUAL_FLAG failed with the following output:
Change Dir: D:/Workspaces/TWLLVMCLangFormat.Source/openmp/out/build/x64-Debug/CMakeFiles/CMakeTmp

Run Build Command(s):C:/Program Files (x86)/Microsoft Visual Studio/2019/Enterprise/Common7/IDE/CommonExtensions/Microsoft/CMake/Ninja/ninja.exe cmTC_2c0bd && [1/2] Building CXX object CMakeFiles\cmTC_2c0bd.dir\src.cxx.obj
FAILED: CMakeFiles/cmTC_2c0bd.dir/src.cxx.obj 
C:\PROGRA~2\MICROS~3\2019\ENTERP~1\VC\Tools\MSVC\1425~1.286\bin\HostX64\x64\cl.exe  /nologo /TP   /DWIN32 /D_WINDOWS /W3 /GR /EHsc -DOPENMP_HAVE_WCAST_QUAL_FLAG /MDd /Zi /Ob0 /Od /RTC1   -Wcast-qual /showIncludes /FoCMakeFiles\cmTC_2c0bd.dir\src.cxx.obj /FdCMakeFiles\cmTC_2c0bd.dir\ /FS -c src.cxx
cl : Command line error D8021 : invalid numeric argument '/Wcast-qual'
ninja: build stopped: subcommand failed.


Source file was:
int main() { return 0; }
Performing C++ SOURCE FILE Test OPENMP_HAVE_WFORMAT_PEDANTIC_FLAG failed with the following output:
Change Dir: D:/Workspaces/TWLLVMCLangFormat.Source/openmp/out/build/x64-Debug/CMakeFiles/CMakeTmp

Run Build Command(s):C:/Program Files (x86)/Microsoft Visual Studio/2019/Enterprise/Common7/IDE/CommonExtensions/Microsoft/CMake/Ninja/ninja.exe cmTC_80549 && [1/2] Building CXX object CMakeFiles\cmTC_80549.dir\src.cxx.obj
FAILED: CMakeFiles/cmTC_80549.dir/src.cxx.obj 
C:\PROGRA~2\MICROS~3\2019\ENTERP~1\VC\Tools\MSVC\1425~1.286\bin\HostX64\x64\cl.exe  /nologo /TP   /DWIN32 /D_WINDOWS /W3 /GR /EHsc -DOPENMP_HAVE_WFORMAT_PEDANTIC_FLAG /MDd /Zi /Ob0 /Od /RTC1   -Wformat-pedantic /showIncludes /FoCMakeFiles\cmTC_80549.dir\src.cxx.obj /FdCMakeFiles\cmTC_80549.dir\ /FS -c src.cxx
cl : Command line error D8021 : invalid numeric argument '/Wformat-pedantic'
ninja: build stopped: subcommand failed.


Source file was:
int main() { return 0; }
Performing C++ SOURCE FILE Test OPENMP_HAVE_WIMPLICIT_FALLTHROUGH_FLAG failed with the following output:
Change Dir: D:/Workspaces/TWLLVMCLangFormat.Source/openmp/out/build/x64-Debug/CMakeFiles/CMakeTmp

Run Build Command(s):C:/Program Files (x86)/Microsoft Visual Studio/2019/Enterprise/Common7/IDE/CommonExtensions/Microsoft/CMake/Ninja/ninja.exe cmTC_4b08f && [1/2] Building CXX object CMakeFiles\cmTC_4b08f.dir\src.cxx.obj
FAILED: CMakeFiles/cmTC_4b08f.dir/src.cxx.obj 
C:\PROGRA~2\MICROS~3\2019\ENTERP~1\VC\Tools\MSVC\1425~1.286\bin\HostX64\x64\cl.exe  /nologo /TP   /DWIN32 /D_WINDOWS /W3 /GR /EHsc -DOPENMP_HAVE_WIMPLICIT_FALLTHROUGH_FLAG /MDd /Zi /Ob0 /Od /RTC1   -Wimplicit-fallthrough /showIncludes /FoCMakeFiles\cmTC_4b08f.dir\src.cxx.obj /FdCMakeFiles\cmTC_4b08f.dir\ /FS -c src.cxx
cl : Command line error D8021 : invalid numeric argument '/Wimplicit-fallthrough'
ninja: build stopped: subcommand failed.


Source file was:
int main() { return 0; }
Performing C++ SOURCE FILE Test OPENMP_HAVE_WSIGN_COMPARE_FLAG failed with the following output:
Change Dir: D:/Workspaces/TWLLVMCLangFormat.Source/openmp/out/build/x64-Debug/CMakeFiles/CMakeTmp

Run Build Command(s):C:/Program Files (x86)/Microsoft Visual Studio/2019/Enterprise/Common7/IDE/CommonExtensions/Microsoft/CMake/Ninja/ninja.exe cmTC_882e3 && [1/2] Building CXX object CMakeFiles\cmTC_882e3.dir\src.cxx.obj
FAILED: CMakeFiles/cmTC_882e3.dir/src.cxx.obj 
C:\PROGRA~2\MICROS~3\2019\ENTERP~1\VC\Tools\MSVC\1425~1.286\bin\HostX64\x64\cl.exe  /nologo /TP   /DWIN32 /D_WINDOWS /W3 /GR /EHsc -DOPENMP_HAVE_WSIGN_COMPARE_FLAG /MDd /Zi /Ob0 /Od /RTC1   -Wsign-compare /showIncludes /FoCMakeFiles\cmTC_882e3.dir\src.cxx.obj /FdCMakeFiles\cmTC_882e3.dir\ /FS -c src.cxx
cl : Command line error D8021 : invalid numeric argument '/Wsign-compare'
ninja: build stopped: subcommand failed.


Source file was:
int main() { return 0; }
Performing C++ SOURCE FILE Test OPENMP_HAVE_WNO_EXTRA_FLAG failed with the following output:
Change Dir: D:/Workspaces/TWLLVMCLangFormat.Source/openmp/out/build/x64-Debug/CMakeFiles/CMakeTmp

Run Build Command(s):C:/Program Files (x86)/Microsoft Visual Studio/2019/Enterprise/Common7/IDE/CommonExtensions/Microsoft/CMake/Ninja/ninja.exe cmTC_8ee13 && [1/2] Building CXX object CMakeFiles\cmTC_8ee13.dir\src.cxx.obj
FAILED: CMakeFiles/cmTC_8ee13.dir/src.cxx.obj 
C:\PROGRA~2\MICROS~3\2019\ENTERP~1\VC\Tools\MSVC\1425~1.286\bin\HostX64\x64\cl.exe  /nologo /TP   /DWIN32 /D_WINDOWS /W3 /GR /EHsc -DOPENMP_HAVE_WNO_EXTRA_FLAG /MDd /Zi /Ob0 /Od /RTC1   -Wno-extra /showIncludes /FoCMakeFiles\cmTC_8ee13.dir\src.cxx.obj /FdCMakeFiles\cmTC_8ee13.dir\ /FS -c src.cxx
cl : Command line error D8021 : invalid numeric argument '/Wno-extra'
ninja: build stopped: subcommand failed.


Source file was:
int main() { return 0; }
Performing C++ SOURCE FILE Test OPENMP_HAVE_WNO_PEDANTIC_FLAG failed with the following output:
Change Dir: D:/Workspaces/TWLLVMCLangFormat.Source/openmp/out/build/x64-Debug/CMakeFiles/CMakeTmp

Run Build Command(s):C:/Program Files (x86)/Microsoft Visual Studio/2019/Enterprise/Common7/IDE/CommonExtensions/Microsoft/CMake/Ninja/ninja.exe cmTC_d7a75 && [1/2] Building CXX object CMakeFiles\cmTC_d7a75.dir\src.cxx.obj
FAILED: CMakeFiles/cmTC_d7a75.dir/src.cxx.obj 
C:\PROGRA~2\MICROS~3\2019\ENTERP~1\VC\Tools\MSVC\1425~1.286\bin\HostX64\x64\cl.exe  /nologo /TP   /DWIN32 /D_WINDOWS /W3 /GR /EHsc -DOPENMP_HAVE_WNO_PEDANTIC_FLAG /MDd /Zi /Ob0 /Od /RTC1   -Wno-pedantic /showIncludes /FoCMakeFiles\cmTC_d7a75.dir\src.cxx.obj /FdCMakeFiles\cmTC_d7a75.dir\ /FS -c src.cxx
cl : Command line error D8021 : invalid numeric argument '/Wno-pedantic'
ninja: build stopped: subcommand failed.


Source file was:
int main() { return 0; }
Performing C++ SOURCE FILE Test OPENMP_HAVE_WNO_MAYBE_UNINITIALIZED_FLAG failed with the following output:
Change Dir: D:/Workspaces/TWLLVMCLangFormat.Source/openmp/out/build/x64-Debug/CMakeFiles/CMakeTmp

Run Build Command(s):C:/Program Files (x86)/Microsoft Visual Studio/2019/Enterprise/Common7/IDE/CommonExtensions/Microsoft/CMake/Ninja/ninja.exe cmTC_d60ac && [1/2] Building CXX object CMakeFiles\cmTC_d60ac.dir\src.cxx.obj
FAILED: CMakeFiles/cmTC_d60ac.dir/src.cxx.obj 
C:\PROGRA~2\MICROS~3\2019\ENTERP~1\VC\Tools\MSVC\1425~1.286\bin\HostX64\x64\cl.exe  /nologo /TP   /DWIN32 /D_WINDOWS /W3 /GR /EHsc -DOPENMP_HAVE_WNO_MAYBE_UNINITIALIZED_FLAG /MDd /Zi /Ob0 /Od /RTC1   -Wno-maybe-uninitialized /showIncludes /FoCMakeFiles\cmTC_d60ac.dir\src.cxx.obj /FdCMakeFiles\cmTC_d60ac.dir\ /FS -c src.cxx
cl : Command line error D8021 : invalid numeric argument '/Wno-maybe-uninitialized'
ninja: build stopped: subcommand failed.


Source file was:
int main() { return 0; }
Performing C++ SOURCE FILE Test OPENMP_HAVE_STD_GNUPP14_FLAG failed with the following output:
Change Dir: D:/Workspaces/TWLLVMCLangFormat.Source/openmp/out/build/x64-Debug/CMakeFiles/CMakeTmp

Run Build Command(s):C:/Program Files (x86)/Microsoft Visual Studio/2019/Enterprise/Common7/IDE/CommonExtensions/Microsoft/CMake/Ninja/ninja.exe cmTC_a8098 && [1/2] Building CXX object CMakeFiles\cmTC_a8098.dir\src.cxx.obj
cl : Command line warning D9002 : ignoring unknown option '-std=gnu++14'
[2/2] Linking CXX executable cmTC_a8098.exe


Source file was:
int main() { return 0; }
Performing C++ SOURCE FILE Test OPENMP_HAVE_STD_CPP14_FLAG failed with the following output:
Change Dir: D:/Workspaces/TWLLVMCLangFormat.Source/openmp/out/build/x64-Debug/CMakeFiles/CMakeTmp

Run Build Command(s):C:/Program Files (x86)/Microsoft Visual Studio/2019/Enterprise/Common7/IDE/CommonExtensions/Microsoft/CMake/Ninja/ninja.exe cmTC_a48d6 && [1/2] Building CXX object CMakeFiles\cmTC_a48d6.dir\src.cxx.obj
cl : Command line warning D9002 : ignoring unknown option '-std=c++14'
[2/2] Linking CXX executable cmTC_a48d6.exe


Source file was:
int main() { return 0; }
Checking whether the ASM_MASM compiler is GNU using "--version" did not match "(GNU assembler)|(GCC)|(Free Software Foundation)":
Microsoft (R) Macro Assembler (x64) Version 14.25.28614.0
Copyright (C) Microsoft Corporation.  All rights reserved.

MASM : warning A4018:invalid command-line option : --version
MASM : fatal error A1017:missing source filename
Checking whether the ASM_MASM compiler is Clang using "--version" did not match "(clang version)":
Microsoft (R) Macro Assembler (x64) Version 14.25.28614.0
Copyright (C) Microsoft Corporation.  All rights reserved.

MASM : warning A4018:invalid command-line option : --version
MASM : fatal error A1017:missing source filename
Checking whether the ASM_MASM compiler is AppleClang using "--version" did not match "(Apple LLVM version)":
Microsoft (R) Macro Assembler (x64) Version 14.25.28614.0
Copyright (C) Microsoft Corporation.  All rights reserved.

MASM : warning A4018:invalid command-line option : --version
MASM : fatal error A1017:missing source filename
Checking whether the ASM_MASM compiler is ARMClang using "--version" did not match "armclang":
Microsoft (R) Macro Assembler (x64) Version 14.25.28614.0
Copyright (C) Microsoft Corporation.  All rights reserved.

MASM : warning A4018:invalid command-line option : --version
MASM : fatal error A1017:missing source filename
Checking whether the ASM_MASM compiler is HP using "-V" did not match "HP C":
Microsoft (R) Macro Assembler (x64) Version 14.25.28614.0
Copyright (C) Microsoft Corporation.  All rights reserved.

MASM : warning A4018:invalid command-line option : -V
MASM : fatal error A1017:missing source filename
Checking whether the ASM_MASM compiler is Intel using "--version" did not match "(ICC)":
Microsoft (R) Macro Assembler (x64) Version 14.25.28614.0
Copyright (C) Microsoft Corporation.  All rights reserved.

MASM : warning A4018:invalid command-line option : --version
MASM : fatal error A1017:missing source filename
Checking whether the ASM_MASM compiler is SunPro using "-V" did not match "Sun C":
Microsoft (R) Macro Assembler (x64) Version 14.25.28614.0
Copyright (C) Microsoft Corporation.  All rights reserved.

MASM : warning A4018:invalid command-line option : -V
MASM : fatal error A1017:missing source filename
Checking whether the ASM_MASM compiler is XL using "-qversion" did not match "XL C":
Microsoft (R) Macro Assembler (x64) Version 14.25.28614.0
Copyright (C) Microsoft Corporation.  All rights reserved.

MASM : warning A4018:invalid command-line option : -qversion
MASM : fatal error A1017:missing source filename
Performing C++ SOURCE FILE Test LIBOMP_HAVE_FNO_EXCEPTIONS_FLAG failed with the following output:
Change Dir: D:/Workspaces/TWLLVMCLangFormat.Source/openmp/out/build/x64-Debug/CMakeFiles/CMakeTmp

Run Build Command(s):C:/Program Files (x86)/Microsoft Visual Studio/2019/Enterprise/Common7/IDE/CommonExtensions/Microsoft/CMake/Ninja/ninja.exe cmTC_934ef && [1/2] Building CXX object CMakeFiles\cmTC_934ef.dir\src.cxx.obj
cl : Command line warning D9002 : ignoring unknown option '-fno-exceptions'
[2/2] Linking CXX executable cmTC_934ef.exe


Source file was:
int main() { return 0; }
Checking whether the ASM_MASM compiler is GNU using "--version" did not match "(GNU assembler)|(GCC)|(Free Software Foundation)":
Microsoft (R) Macro Assembler (x64) Version 14.25.28614.0
Copyright (C) Microsoft Corporation.  All rights reserved.

MASM : warning A4018:invalid command-line option : --version
MASM : fatal error A1017:missing source filename
Checking whether the ASM_MASM compiler is Clang using "--version" did not match "(clang version)":
Microsoft (R) Macro Assembler (x64) Version 14.25.28614.0
Copyright (C) Microsoft Corporation.  All rights reserved.

MASM : warning A4018:invalid command-line option : --version
MASM : fatal error A1017:missing source filename
Checking whether the ASM_MASM compiler is AppleClang using "--version" did not match "(Apple LLVM version)":
Microsoft (R) Macro Assembler (x64) Version 14.25.28614.0
Copyright (C) Microsoft Corporation.  All rights reserved.

MASM : warning A4018:invalid command-line option : --version
MASM : fatal error A1017:missing source filename
Checking whether the ASM_MASM compiler is ARMClang using "--version" did not match "armclang":
Microsoft (R) Macro Assembler (x64) Version 14.25.28614.0
Copyright (C) Microsoft Corporation.  All rights reserved.

MASM : warning A4018:invalid command-line option : --version
MASM : fatal error A1017:missing source filename
Checking whether the ASM_MASM compiler is HP using "-V" did not match "HP C":
Microsoft (R) Macro Assembler (x64) Version 14.25.28614.0
Copyright (C) Microsoft Corporation.  All rights reserved.

MASM : warning A4018:invalid command-line option : -V
MASM : fatal error A1017:missing source filename
Checking whether the ASM_MASM compiler is Intel using "--version" did not match "(ICC)":
Microsoft (R) Macro Assembler (x64) Version 14.25.28614.0
Copyright (C) Microsoft Corporation.  All rights reserved.

MASM : warning A4018:invalid command-line option : --version
MASM : fatal error A1017:missing source filename
Checking whether the ASM_MASM compiler is SunPro using "-V" did not match "Sun C":
Microsoft (R) Macro Assembler (x64) Version 14.25.28614.0
Copyright (C) Microsoft Corporation.  All rights reserved.

MASM : warning A4018:invalid command-line option : -V
MASM : fatal error A1017:missing source filename
Checking whether the ASM_MASM compiler is XL using "-qversion" did not match "XL C":
Microsoft (R) Macro Assembler (x64) Version 14.25.28614.0
Copyright (C) Microsoft Corporation.  All rights reserved.

MASM : warning A4018:invalid command-line option : -qversion
MASM : fatal error A1017:missing source filename
Performing C++ SOURCE FILE Test LIBOMP_HAVE_WNO_CLASS_MEMACCESS_FLAG failed with the following output:
Change Dir: D:/Workspaces/TWLLVMCLangFormat.Source/openmp/out/build/x64-Debug/CMakeFiles/CMakeTmp

Run Build Command(s):C:/Program Files (x86)/Microsoft Visual Studio/2019/Enterprise/Common7/IDE/CommonExtensions/Microsoft/CMake/Ninja/ninja.exe cmTC_5b9e8 && [1/2] Building CXX object CMakeFiles\cmTC_5b9e8.dir\src.cxx.obj
FAILED: CMakeFiles/cmTC_5b9e8.dir/src.cxx.obj 
C:\PROGRA~2\MICROS~3\2019\ENTERP~1\VC\Tools\MSVC\1425~1.286\bin\HostX64\x64\cl.exe  /nologo /TP   /DWIN32 /D_WINDOWS /W3 /GR /EHsc -DLIBOMP_HAVE_WNO_CLASS_MEMACCESS_FLAG /MDd /Zi /Ob0 /Od /RTC1   -Wno-class-memaccess /showIncludes /FoCMakeFiles\cmTC_5b9e8.dir\src.cxx.obj /FdCMakeFiles\cmTC_5b9e8.dir\ /FS -c src.cxx
cl : Command line error D8021 : invalid numeric argument '/Wno-class-memaccess'
ninja: build stopped: subcommand failed.


Source file was:
int main() { return 0; }
Performing C++ SOURCE FILE Test LIBOMP_HAVE_WNO_COVERED_SWITCH_DEFAULT_FLAG failed with the following output:
Change Dir: D:/Workspaces/TWLLVMCLangFormat.Source/openmp/out/build/x64-Debug/CMakeFiles/CMakeTmp

Run Build Command(s):C:/Program Files (x86)/Microsoft Visual Studio/2019/Enterprise/Common7/IDE/CommonExtensions/Microsoft/CMake/Ninja/ninja.exe cmTC_aa9d6 && [1/2] Building CXX object CMakeFiles\cmTC_aa9d6.dir\src.cxx.obj
FAILED: CMakeFiles/cmTC_aa9d6.dir/src.cxx.obj 
C:\PROGRA~2\MICROS~3\2019\ENTERP~1\VC\Tools\MSVC\1425~1.286\bin\HostX64\x64\cl.exe  /nologo /TP   /DWIN32 /D_WINDOWS /W3 /GR /EHsc -DLIBOMP_HAVE_WNO_COVERED_SWITCH_DEFAULT_FLAG /MDd /Zi /Ob0 /Od /RTC1   -Wno-covered-switch-default /showIncludes /FoCMakeFiles\cmTC_aa9d6.dir\src.cxx.obj /FdCMakeFiles\cmTC_aa9d6.dir\ /FS -c src.cxx
cl : Command line error D8021 : invalid numeric argument '/Wno-covered-switch-default'
ninja: build stopped: subcommand failed.


Source file was:
int main() { return 0; }
Performing C++ SOURCE FILE Test LIBOMP_HAVE_WNO_FRAME_ADDRESS_FLAG failed with the following output:
Change Dir: D:/Workspaces/TWLLVMCLangFormat.Source/openmp/out/build/x64-Debug/CMakeFiles/CMakeTmp

Run Build Command(s):C:/Program Files (x86)/Microsoft Visual Studio/2019/Enterprise/Common7/IDE/CommonExtensions/Microsoft/CMake/Ninja/ninja.exe cmTC_e4124 && [1/2] Building CXX object CMakeFiles\cmTC_e4124.dir\src.cxx.obj
FAILED: CMakeFiles/cmTC_e4124.dir/src.cxx.obj 
C:\PROGRA~2\MICROS~3\2019\ENTERP~1\VC\Tools\MSVC\1425~1.286\bin\HostX64\x64\cl.exe  /nologo /TP   /DWIN32 /D_WINDOWS /W3 /GR /EHsc -DLIBOMP_HAVE_WNO_FRAME_ADDRESS_FLAG /MDd /Zi /Ob0 /Od /RTC1   -Wno-frame-address /showIncludes /FoCMakeFiles\cmTC_e4124.dir\src.cxx.obj /FdCMakeFiles\cmTC_e4124.dir\ /FS -c src.cxx
cl : Command line error D8021 : invalid numeric argument '/Wno-frame-address'
ninja: build stopped: subcommand failed.


Source file was:
int main() { return 0; }
Performing C++ SOURCE FILE Test LIBOMP_HAVE_WNO_STRICT_ALIASING_FLAG failed with the following output:
Change Dir: D:/Workspaces/TWLLVMCLangFormat.Source/openmp/out/build/x64-Debug/CMakeFiles/CMakeTmp

Run Build Command(s):C:/Program Files (x86)/Microsoft Visual Studio/2019/Enterprise/Common7/IDE/CommonExtensions/Microsoft/CMake/Ninja/ninja.exe cmTC_e336c && [1/2] Building CXX object CMakeFiles\cmTC_e336c.dir\src.cxx.obj
FAILED: CMakeFiles/cmTC_e336c.dir/src.cxx.obj 
C:\PROGRA~2\MICROS~3\2019\ENTERP~1\VC\Tools\MSVC\1425~1.286\bin\HostX64\x64\cl.exe  /nologo /TP   /DWIN32 /D_WINDOWS /W3 /GR /EHsc -DLIBOMP_HAVE_WNO_STRICT_ALIASING_FLAG /MDd /Zi /Ob0 /Od /RTC1   -Wno-strict-aliasing /showIncludes /FoCMakeFiles\cmTC_e336c.dir\src.cxx.obj /FdCMakeFiles\cmTC_e336c.dir\ /FS -c src.cxx
cl : Command line error D8021 : invalid numeric argument '/Wno-strict-aliasing'
ninja: build stopped: subcommand failed.


Source file was:
int main() { return 0; }
Performing C++ SOURCE FILE Test LIBOMP_HAVE_WSTRINGOP_OVERFLOW_FLAG failed with the following output:
Change Dir: D:/Workspaces/TWLLVMCLangFormat.Source/openmp/out/build/x64-Debug/CMakeFiles/CMakeTmp

Run Build Command(s):C:/Program Files (x86)/Microsoft Visual Studio/2019/Enterprise/Common7/IDE/CommonExtensions/Microsoft/CMake/Ninja/ninja.exe cmTC_2e052 && [1/2] Building CXX object CMakeFiles\cmTC_2e052.dir\src.cxx.obj
FAILED: CMakeFiles/cmTC_2e052.dir/src.cxx.obj 
C:\PROGRA~2\MICROS~3\2019\ENTERP~1\VC\Tools\MSVC\1425~1.286\bin\HostX64\x64\cl.exe  /nologo /TP   /DWIN32 /D_WINDOWS /W3 /GR /EHsc -DLIBOMP_HAVE_WSTRINGOP_OVERFLOW_FLAG /MDd /Zi /Ob0 /Od /RTC1   -Wstringop-overflow=0 /showIncludes /FoCMakeFiles\cmTC_2e052.dir\src.cxx.obj /FdCMakeFiles\cmTC_2e052.dir\ /FS -c src.cxx
cl : Command line error D8021 : invalid numeric argument '/Wstringop-overflow=0'
ninja: build stopped: subcommand failed.


Source file was:
int main() { return 0; }
Performing C++ SOURCE FILE Test LIBOMP_HAVE_WNO_STRINGOP_TRUNCATION_FLAG failed with the following output:
Change Dir: D:/Workspaces/TWLLVMCLangFormat.Source/openmp/out/build/x64-Debug/CMakeFiles/CMakeTmp

Run Build Command(s):C:/Program Files (x86)/Microsoft Visual Studio/2019/Enterprise/Common7/IDE/CommonExtensions/Microsoft/CMake/Ninja/ninja.exe cmTC_6b14d && [1/2] Building CXX object CMakeFiles\cmTC_6b14d.dir\src.cxx.obj
FAILED: CMakeFiles/cmTC_6b14d.dir/src.cxx.obj 
C:\PROGRA~2\MICROS~3\2019\ENTERP~1\VC\Tools\MSVC\1425~1.286\bin\HostX64\x64\cl.exe  /nologo /TP   /DWIN32 /D_WINDOWS /W3 /GR /EHsc -DLIBOMP_HAVE_WNO_STRINGOP_TRUNCATION_FLAG /MDd /Zi /Ob0 /Od /RTC1   -Wno-stringop-truncation /showIncludes /FoCMakeFiles\cmTC_6b14d.dir\src.cxx.obj /FdCMakeFiles\cmTC_6b14d.dir\ /FS -c src.cxx
cl : Command line error D8021 : invalid numeric argument '/Wno-stringop-truncation'
ninja: build stopped: subcommand failed.


Source file was:
int main() { return 0; }
Performing C++ SOURCE FILE Test LIBOMP_HAVE_WNO_SWITCH_FLAG failed with the following output:
Change Dir: D:/Workspaces/TWLLVMCLangFormat.Source/openmp/out/build/x64-Debug/CMakeFiles/CMakeTmp

Run Build Command(s):C:/Program Files (x86)/Microsoft Visual Studio/2019/Enterprise/Common7/IDE/CommonExtensions/Microsoft/CMake/Ninja/ninja.exe cmTC_d5193 && [1/2] Building CXX object CMakeFiles\cmTC_d5193.dir\src.cxx.obj
FAILED: CMakeFiles/cmTC_d5193.dir/src.cxx.obj 
C:\PROGRA~2\MICROS~3\2019\ENTERP~1\VC\Tools\MSVC\1425~1.286\bin\HostX64\x64\cl.exe  /nologo /TP   /DWIN32 /D_WINDOWS /W3 /GR /EHsc -DLIBOMP_HAVE_WNO_SWITCH_FLAG /MDd /Zi /Ob0 /Od /RTC1   -Wno-switch /showIncludes /FoCMakeFiles\cmTC_d5193.dir\src.cxx.obj /FdCMakeFiles\cmTC_d5193.dir\ /FS -c src.cxx
cl : Command line error D8021 : invalid numeric argument '/Wno-switch'
ninja: build stopped: subcommand failed.


Source file was:
int main() { return 0; }
Performing C++ SOURCE FILE Test LIBOMP_HAVE_WNO_UNINITIALIZED_FLAG failed with the following output:
Change Dir: D:/Workspaces/TWLLVMCLangFormat.Source/openmp/out/build/x64-Debug/CMakeFiles/CMakeTmp

Run Build Command(s):C:/Program Files (x86)/Microsoft Visual Studio/2019/Enterprise/Common7/IDE/CommonExtensions/Microsoft/CMake/Ninja/ninja.exe cmTC_541d4 && [1/2] Building CXX object CMakeFiles\cmTC_541d4.dir\src.cxx.obj
FAILED: CMakeFiles/cmTC_541d4.dir/src.cxx.obj 
C:\PROGRA~2\MICROS~3\2019\ENTERP~1\VC\Tools\MSVC\1425~1.286\bin\HostX64\x64\cl.exe  /nologo /TP   /DWIN32 /D_WINDOWS /W3 /GR /EHsc -DLIBOMP_HAVE_WNO_UNINITIALIZED_FLAG /MDd /Zi /Ob0 /Od /RTC1   -Wno-uninitialized /showIncludes /FoCMakeFiles\cmTC_541d4.dir\src.cxx.obj /FdCMakeFiles\cmTC_541d4.dir\ /FS -c src.cxx
cl : Command line error D8021 : invalid numeric argument '/Wno-uninitialized'
ninja: build stopped: subcommand failed.


Source file was:
int main() { return 0; }
Performing C++ SOURCE FILE Test LIBOMP_HAVE_WNO_UNUSED_BUT_SET_VARIABLE_FLAG failed with the following output:
Change Dir: D:/Workspaces/TWLLVMCLangFormat.Source/openmp/out/build/x64-Debug/CMakeFiles/CMakeTmp

Run Build Command(s):C:/Program Files (x86)/Microsoft Visual Studio/2019/Enterprise/Common7/IDE/CommonExtensions/Microsoft/CMake/Ninja/ninja.exe cmTC_da88c && [1/2] Building CXX object CMakeFiles\cmTC_da88c.dir\src.cxx.obj
FAILED: CMakeFiles/cmTC_da88c.dir/src.cxx.obj 
C:\PROGRA~2\MICROS~3\2019\ENTERP~1\VC\Tools\MSVC\1425~1.286\bin\HostX64\x64\cl.exe  /nologo /TP   /DWIN32 /D_WINDOWS /W3 /GR /EHsc -DLIBOMP_HAVE_WNO_UNUSED_BUT_SET_VARIABLE_FLAG /MDd /Zi /Ob0 /Od /RTC1   -Wno-unused-but-set-variable /showIncludes /FoCMakeFiles\cmTC_da88c.dir\src.cxx.obj /FdCMakeFiles\cmTC_da88c.dir\ /FS -c src.cxx
cl : Command line error D8021 : invalid numeric argument '/Wno-unused-but-set-variable'
ninja: build stopped: subcommand failed.


Source file was:
int main() { return 0; }
Performing C++ SOURCE FILE Test LIBOMP_HAVE_MSSE2_FLAG failed with the following output:
Change Dir: D:/Workspaces/TWLLVMCLangFormat.Source/openmp/out/build/x64-Debug/CMakeFiles/CMakeTmp

Run Build Command(s):C:/Program Files (x86)/Microsoft Visual Studio/2019/Enterprise/Common7/IDE/CommonExtensions/Microsoft/CMake/Ninja/ninja.exe cmTC_f51bb && [1/2] Building CXX object CMakeFiles\cmTC_f51bb.dir\src.cxx.obj
cl : Command line warning D9002 : ignoring unknown option '-msse2'
[2/2] Linking CXX executable cmTC_f51bb.exe


Source file was:
int main() { return 0; }
Performing C++ SOURCE FILE Test LIBOMP_HAVE_FTLS_MODEL_FLAG failed with the following output:
Change Dir: D:/Workspaces/TWLLVMCLangFormat.Source/openmp/out/build/x64-Debug/CMakeFiles/CMakeTmp

Run Build Command(s):C:/Program Files (x86)/Microsoft Visual Studio/2019/Enterprise/Common7/IDE/CommonExtensions/Microsoft/CMake/Ninja/ninja.exe cmTC_7b5d1 && [1/2] Building CXX object CMakeFiles\cmTC_7b5d1.dir\src.cxx.obj
cl : Command line warning D9002 : ignoring unknown option '-ftls-model=initial-exec'
[2/2] Linking CXX executable cmTC_7b5d1.exe


Source file was:
int main() { return 0; }
Performing C SOURCE FILE Test LIBOMP_HAVE_MMIC_FLAG failed with the following output:
Change Dir: D:/Workspaces/TWLLVMCLangFormat.Source/openmp/out/build/x64-Debug/CMakeFiles/CMakeTmp

Run Build Command(s):C:/Program Files (x86)/Microsoft Visual Studio/2019/Enterprise/Common7/IDE/CommonExtensions/Microsoft/CMake/Ninja/ninja.exe cmTC_cd4c7 && [1/2] Building C object CMakeFiles\cmTC_cd4c7.dir\src.c.obj
cl : Command line warning D9002 : ignoring unknown option '-mmic'
cl : Command line warning D9002 : ignoring unknown option '-mmic'
[2/2] Linking C executable cmTC_cd4c7.exe


Source file was:
int main(void) { return 0; }
Performing C SOURCE FILE Test LIBOMP_HAVE_M32_FLAG failed with the following output:
Change Dir: D:/Workspaces/TWLLVMCLangFormat.Source/openmp/out/build/x64-Debug/CMakeFiles/CMakeTmp

Run Build Command(s):C:/Program Files (x86)/Microsoft Visual Studio/2019/Enterprise/Common7/IDE/CommonExtensions/Microsoft/CMake/Ninja/ninja.exe cmTC_477fc && [1/2] Building C object CMakeFiles\cmTC_477fc.dir\src.c.obj
cl : Command line warning D9002 : ignoring unknown option '-m32'
cl : Command line warning D9002 : ignoring unknown option '-m32'
[2/2] Linking C executable cmTC_477fc.exe


Source file was:
int main(void) { return 0; }
Performing C++ SOURCE FILE Test LIBOMP_HAVE_ARCH_SSE2_FLAG failed with the following output:
Change Dir: D:/Workspaces/TWLLVMCLangFormat.Source/openmp/out/build/x64-Debug/CMakeFiles/CMakeTmp

Run Build Command(s):C:/Program Files (x86)/Microsoft Visual Studio/2019/Enterprise/Common7/IDE/CommonExtensions/Microsoft/CMake/Ninja/ninja.exe cmTC_38fc1 && [1/2] Building CXX object CMakeFiles\cmTC_38fc1.dir\src.cxx.obj
cl : Command line warning D9002 : ignoring unknown option '/arch:SSE2'
[2/2] Linking CXX executable cmTC_38fc1.exe


Source file was:
int main() { return 0; }
Performing C++ SOURCE FILE Test LIBOMP_HAVE_QSAFESEH_FLAG failed with the following output:
Change Dir: D:/Workspaces/TWLLVMCLangFormat.Source/openmp/out/build/x64-Debug/CMakeFiles/CMakeTmp

Run Build Command(s):C:/Program Files (x86)/Microsoft Visual Studio/2019/Enterprise/Common7/IDE/CommonExtensions/Microsoft/CMake/Ninja/ninja.exe cmTC_0fc2e && [1/2] Building CXX object CMakeFiles\cmTC_0fc2e.dir\src.cxx.obj
cl : Command line warning D9002 : ignoring unknown option '/Qsafeseh'
[2/2] Linking CXX executable cmTC_0fc2e.exe


Source file was:
int main() { return 0; }
Performing C++ SOURCE FILE Test LIBOMP_HAVE_MRTM_FLAG failed with the following output:
Change Dir: D:/Workspaces/TWLLVMCLangFormat.Source/openmp/out/build/x64-Debug/CMakeFiles/CMakeTmp

Run Build Command(s):C:/Program Files (x86)/Microsoft Visual Studio/2019/Enterprise/Common7/IDE/CommonExtensions/Microsoft/CMake/Ninja/ninja.exe cmTC_3e7f2 && [1/2] Building CXX object CMakeFiles\cmTC_3e7f2.dir\src.cxx.obj
cl : Command line warning D9002 : ignoring unknown option '-mrtm'
[2/2] Linking CXX executable cmTC_3e7f2.exe


Source file was:
int main() { return 0; }
Performing C Linker Flag test LIBOMP_HAVE_SAFESEH_FLAG failed with the following output:
Change Dir: D:/Workspaces/TWLLVMCLangFormat.Source/openmp/out/build/x64-Debug/CMakeFiles/CMakeTmp/link_flag_check_LIBOMP_HAVE_SAFESEH_FLAG/build

Run Build Command(s):C:/Program Files (x86)/Microsoft Visual Studio/2019/Enterprise/Common7/IDE/CommonExtensions/Microsoft/CMake/Ninja/ninja.exe && [1/2] Building C object CMakeFiles\foo.dir\src_to_link.c.obj
[2/2] Linking C shared library foo.dll
FAILED: foo.dll foo.lib 
cmd.exe /C "cd . && "C:\Program Files (x86)\Microsoft Visual Studio\2019\Enterprise\Common7\IDE\CommonExtensions\Microsoft\CMake\CMake\bin\cmake.exe" -E vs_link_dll --intdir=CMakeFiles\foo.dir --rc=C:\PROGRA~2\WI3CF2~1\10\bin\100183~1.0\x64\rc.exe --mt=C:\PROGRA~2\WI3CF2~1\10\bin\100183~1.0\x64\mt.exe --manifests  -- C:\PROGRA~2\MICROS~3\2019\ENTERP~1\VC\Tools\MSVC\1425~1.286\bin\Hostx64\x64\link.exe /nologo CMakeFiles\foo.dir\src_to_link.c.obj  /out:foo.dll /implib:foo.lib /pdb:foo.pdb /dll /version:0.0 /SAFESEH /debug /INCREMENTAL  kernel32.lib user32.lib gdi32.lib winspool.lib shell32.lib ole32.lib oleaut32.lib uuid.lib comdlg32.lib advapi32.lib  && cd ."
LINK Pass 1: command "C:\PROGRA~2\MICROS~3\2019\ENTERP~1\VC\Tools\MSVC\1425~1.286\bin\Hostx64\x64\link.exe /nologo CMakeFiles\foo.dir\src_to_link.c.obj /out:foo.dll /implib:foo.lib /pdb:foo.pdb /dll /version:0.0 /SAFESEH /debug /INCREMENTAL kernel32.lib user32.lib gdi32.lib winspool.lib shell32.lib ole32.lib oleaut32.lib uuid.lib comdlg32.lib advapi32.lib /MANIFEST /MANIFESTFILE:CMakeFiles\foo.dir/intermediate.manifest CMakeFiles\foo.dir/manifest.res" failed (exit code 1246) with the following output:
LINK : fatal error LNK1246: '/SAFESEH' not compatible with 'x64' target machine; link without '/SAFESEH'
ninja: build stopped: subcommand failed.


Source file was:
int foo(int a) { return a*a; }
Determining if the include file pthread.h exists failed with the following output:
Change Dir: D:/Workspaces/TWLLVMCLangFormat.Source/openmp/out/build/x64-Debug/CMakeFiles/CMakeTmp

Run Build Command(s):C:/Program Files (x86)/Microsoft Visual Studio/2019/Enterprise/Common7/IDE/CommonExtensions/Microsoft/CMake/Ninja/ninja.exe cmTC_a5bb8 && [1/2] Building C object CMakeFiles\cmTC_a5bb8.dir\CheckIncludeFile.c.obj
FAILED: CMakeFiles/cmTC_a5bb8.dir/CheckIncludeFile.c.obj 
C:\PROGRA~2\MICROS~3\2019\ENTERP~1\VC\Tools\MSVC\1425~1.286\bin\HostX64\x64\cl.exe  /nologo   /DWIN32 /D_WINDOWS /W3  /MDd /Zi /Ob0 /Od /RTC1 /showIncludes /FoCMakeFiles\cmTC_a5bb8.dir\CheckIncludeFile.c.obj /FdCMakeFiles\cmTC_a5bb8.dir\ /FS -c CheckIncludeFile.c
CheckIncludeFile.c(1): fatal error C1083: Cannot open include file: 'pthread.h': No such file or directory
ninja: build stopped: subcommand failed.



Performing C SOURCE FILE Test LIBOMP_HAVE_VERSION_SYMBOLS failed with the following output:
Change Dir: D:/Workspaces/TWLLVMCLangFormat.Source/openmp/out/build/x64-Debug/CMakeFiles/CMakeTmp

Run Build Command(s):C:/Program Files (x86)/Microsoft Visual Studio/2019/Enterprise/Common7/IDE/CommonExtensions/Microsoft/CMake/Ninja/ninja.exe cmTC_13264 && [1/2] Building C object CMakeFiles\cmTC_13264.dir\src.c.obj
FAILED: CMakeFiles/cmTC_13264.dir/src.c.obj 
C:\PROGRA~2\MICROS~3\2019\ENTERP~1\VC\Tools\MSVC\1425~1.286\bin\HostX64\x64\cl.exe  /nologo   /DWIN32 /D_WINDOWS /W3 -DLIBOMP_HAVE_VERSION_SYMBOLS -Wl,--version-script=D:/Workspaces/TWLLVMCLangFormat.Source/openmp/out/build/x64-Debug/runtime/__version_script.txt /MDd /Zi /Ob0 /Od /RTC1 /showIncludes /FoCMakeFiles\cmTC_13264.dir\src.c.obj /FdCMakeFiles\cmTC_13264.dir\ /FS -c src.c
cl : Command line error D8021 : invalid numeric argument '/Wl,--version-script=D:/Workspaces/TWLLVMCLangFormat.Source/openmp/out/build/x64-Debug/runtime/__version_script.txt'
ninja: build stopped: subcommand failed.


Source file was:
#include <stdio.h>
    void func1() { printf("Hello"); }
    void func2() { printf("World"); }
    __asm__(".symver func1, func@VER1");
    __asm__(".symver func2, func@VER2");
    int main() {
      func1();
      func2();
      return 0;
    }
Performing C SOURCE FILE Test LIBOMP_HAVE___BUILTIN_FRAME_ADDRESS failed with the following output:
Change Dir: D:/Workspaces/TWLLVMCLangFormat.Source/openmp/out/build/x64-Debug/CMakeFiles/CMakeTmp

Run Build Command(s):C:/Program Files (x86)/Microsoft Visual Studio/2019/Enterprise/Common7/IDE/CommonExtensions/Microsoft/CMake/Ninja/ninja.exe cmTC_09a82 && [1/2] Building C object CMakeFiles\cmTC_09a82.dir\src.c.obj
src.c(2): warning C4013: '__builtin_frame_address' undefined; assuming extern returning int
src.c(2): warning C4047: 'initializing': 'void *' differs in levels of indirection from 'int'
[2/2] Linking C executable cmTC_09a82.exe
FAILED: cmTC_09a82.exe 
cmd.exe /C "cd . && "C:\Program Files (x86)\Microsoft Visual Studio\2019\Enterprise\Common7\IDE\CommonExtensions\Microsoft\CMake\CMake\bin\cmake.exe" -E vs_link_exe --intdir=CMakeFiles\cmTC_09a82.dir --rc=C:\PROGRA~2\WI3CF2~1\10\bin\100183~1.0\x64\rc.exe --mt=C:\PROGRA~2\WI3CF2~1\10\bin\100183~1.0\x64\mt.exe --manifests  -- C:\PROGRA~2\MICROS~3\2019\ENTERP~1\VC\Tools\MSVC\1425~1.286\bin\Hostx64\x64\link.exe /nologo CMakeFiles\cmTC_09a82.dir\src.c.obj  /out:cmTC_09a82.exe /implib:cmTC_09a82.lib /pdb:cmTC_09a82.pdb /version:0.0  /machine:x64  /debug /INCREMENTAL /subsystem:console  kernel32.lib user32.lib gdi32.lib winspool.lib shell32.lib ole32.lib oleaut32.lib uuid.lib comdlg32.lib advapi32.lib && cd ."
LINK Pass 1: command "C:\PROGRA~2\MICROS~3\2019\ENTERP~1\VC\Tools\MSVC\1425~1.286\bin\Hostx64\x64\link.exe /nologo CMakeFiles\cmTC_09a82.dir\src.c.obj /out:cmTC_09a82.exe /implib:cmTC_09a82.lib /pdb:cmTC_09a82.pdb /version:0.0 /machine:x64 /debug /INCREMENTAL /subsystem:console kernel32.lib user32.lib gdi32.lib winspool.lib shell32.lib ole32.lib oleaut32.lib uuid.lib comdlg32.lib advapi32.lib /MANIFEST /MANIFESTFILE:CMakeFiles\cmTC_09a82.dir/intermediate.manifest CMakeFiles\cmTC_09a82.dir/manifest.res" failed (exit code 1120) with the following output:
src.c.obj : error LNK2019: unresolved external symbol __builtin_frame_address referenced in function main
cmTC_09a82.exe : fatal error LNK1120: 1 unresolved externals
ninja: build stopped: subcommand failed.


Source file was:
int main(int argc, char** argv) {
  void* p = __builtin_frame_address(0);
  return 0;}
Performing C SOURCE FILE Test LIBOMP_HAVE_WEAK_ATTRIBUTE failed with the following output:
Change Dir: D:/Workspaces/TWLLVMCLangFormat.Source/openmp/out/build/x64-Debug/CMakeFiles/CMakeTmp

Run Build Command(s):C:/Program Files (x86)/Microsoft Visual Studio/2019/Enterprise/Common7/IDE/CommonExtensions/Microsoft/CMake/Ninja/ninja.exe cmTC_e71e2 && [1/2] Building C object CMakeFiles\cmTC_e71e2.dir\src.c.obj
FAILED: CMakeFiles/cmTC_e71e2.dir/src.c.obj 
C:\PROGRA~2\MICROS~3\2019\ENTERP~1\VC\Tools\MSVC\1425~1.286\bin\HostX64\x64\cl.exe  /nologo   /DWIN32 /D_WINDOWS /W3 -DLIBOMP_HAVE_WEAK_ATTRIBUTE /MDd /Zi /Ob0 /Od /RTC1 /showIncludes /FoCMakeFiles\cmTC_e71e2.dir\src.c.obj /FdCMakeFiles\cmTC_e71e2.dir\ /FS -c src.c
src.c(1): error C2143: syntax error: missing ')' before '('
src.c(1): error C2059: syntax error: ')'
src.c(1): error C2143: syntax error: missing ')' before 'type'
src.c(1): error C2091: function returns function
src.c(1): error C2085: 'foo': not in formal parameter list
src.c(1): error C2143: syntax error: missing ';' before '{'
src.c(1): error C2065: 'a': undeclared identifier
src.c(1): warning C4047: 'return': 'int (__cdecl *)()' differs in levels of indirection from 'int'
src.c(3): warning C4013: 'foo' undefined; assuming extern returning int
ninja: build stopped: subcommand failed.


Source file was:
__attribute__ ((weak)) int foo(int a) { return a*a; }
  int main(int argc, char** argv) {
  return foo(argc);}
Determining if the function sqrt exists in the m failed with the following output:
Change Dir: D:/Workspaces/TWLLVMCLangFormat.Source/openmp/out/build/x64-Debug/CMakeFiles/CMakeTmp

Run Build Command(s):C:/Program Files (x86)/Microsoft Visual Studio/2019/Enterprise/Common7/IDE/CommonExtensions/Microsoft/CMake/Ninja/ninja.exe cmTC_4e95e && [1/2] Building C object CMakeFiles\cmTC_4e95e.dir\CheckFunctionExists.c.obj
[2/2] Linking C executable cmTC_4e95e.exe
FAILED: cmTC_4e95e.exe 
cmd.exe /C "cd . && "C:\Program Files (x86)\Microsoft Visual Studio\2019\Enterprise\Common7\IDE\CommonExtensions\Microsoft\CMake\CMake\bin\cmake.exe" -E vs_link_exe --intdir=CMakeFiles\cmTC_4e95e.dir --rc=C:\PROGRA~2\WI3CF2~1\10\bin\100183~1.0\x64\rc.exe --mt=C:\PROGRA~2\WI3CF2~1\10\bin\100183~1.0\x64\mt.exe --manifests  -- C:\PROGRA~2\MICROS~3\2019\ENTERP~1\VC\Tools\MSVC\1425~1.286\bin\Hostx64\x64\link.exe /nologo CMakeFiles\cmTC_4e95e.dir\CheckFunctionExists.c.obj  /out:cmTC_4e95e.exe /implib:cmTC_4e95e.lib /pdb:cmTC_4e95e.pdb /version:0.0  /machine:x64  /debug /INCREMENTAL /subsystem:console  m.lib  kernel32.lib user32.lib gdi32.lib winspool.lib shell32.lib ole32.lib oleaut32.lib uuid.lib comdlg32.lib advapi32.lib && cd ."
LINK Pass 1: command "C:\PROGRA~2\MICROS~3\2019\ENTERP~1\VC\Tools\MSVC\1425~1.286\bin\Hostx64\x64\link.exe /nologo CMakeFiles\cmTC_4e95e.dir\CheckFunctionExists.c.obj /out:cmTC_4e95e.exe /implib:cmTC_4e95e.lib /pdb:cmTC_4e95e.pdb /version:0.0 /machine:x64 /debug /INCREMENTAL /subsystem:console m.lib kernel32.lib user32.lib gdi32.lib winspool.lib shell32.lib ole32.lib oleaut32.lib uuid.lib comdlg32.lib advapi32.lib /MANIFEST /MANIFESTFILE:CMakeFiles\cmTC_4e95e.dir/intermediate.manifest CMakeFiles\cmTC_4e95e.dir/manifest.res" failed (exit code 1104) with the following output:
LINK : fatal error LNK1104: cannot open file 'm.lib'
ninja: build stopped: subcommand failed.



Determining if the function __atomic_load_1 exists failed with the following output:
Change Dir: D:/Workspaces/TWLLVMCLangFormat.Source/openmp/out/build/x64-Debug/CMakeFiles/CMakeTmp

Run Build Command(s):C:/Program Files (x86)/Microsoft Visual Studio/2019/Enterprise/Common7/IDE/CommonExtensions/Microsoft/CMake/Ninja/ninja.exe cmTC_da85c && [1/2] Building C object CMakeFiles\cmTC_da85c.dir\CheckFunctionExists.c.obj
[2/2] Linking C executable cmTC_da85c.exe
FAILED: cmTC_da85c.exe 
cmd.exe /C "cd . && "C:\Program Files (x86)\Microsoft Visual Studio\2019\Enterprise\Common7\IDE\CommonExtensions\Microsoft\CMake\CMake\bin\cmake.exe" -E vs_link_exe --intdir=CMakeFiles\cmTC_da85c.dir --rc=C:\PROGRA~2\WI3CF2~1\10\bin\100183~1.0\x64\rc.exe --mt=C:\PROGRA~2\WI3CF2~1\10\bin\100183~1.0\x64\mt.exe --manifests  -- C:\PROGRA~2\MICROS~3\2019\ENTERP~1\VC\Tools\MSVC\1425~1.286\bin\Hostx64\x64\link.exe /nologo CMakeFiles\cmTC_da85c.dir\CheckFunctionExists.c.obj  /out:cmTC_da85c.exe /implib:cmTC_da85c.lib /pdb:cmTC_da85c.pdb /version:0.0  /machine:x64  /debug /INCREMENTAL /subsystem:console  kernel32.lib user32.lib gdi32.lib winspool.lib shell32.lib ole32.lib oleaut32.lib uuid.lib comdlg32.lib advapi32.lib && cd ."
LINK Pass 1: command "C:\PROGRA~2\MICROS~3\2019\ENTERP~1\VC\Tools\MSVC\1425~1.286\bin\Hostx64\x64\link.exe /nologo CMakeFiles\cmTC_da85c.dir\CheckFunctionExists.c.obj /out:cmTC_da85c.exe /implib:cmTC_da85c.lib /pdb:cmTC_da85c.pdb /version:0.0 /machine:x64 /debug /INCREMENTAL /subsystem:console kernel32.lib user32.lib gdi32.lib winspool.lib shell32.lib ole32.lib oleaut32.lib uuid.lib comdlg32.lib advapi32.lib /MANIFEST /MANIFESTFILE:CMakeFiles\cmTC_da85c.dir/intermediate.manifest CMakeFiles\cmTC_da85c.dir/manifest.res" failed (exit code 1120) with the following output:
CheckFunctionExists.c.obj : error LNK2019: unresolved external symbol __atomic_load_1 referenced in function main
cmTC_da85c.exe : fatal error LNK1120: 1 unresolved externals
ninja: build stopped: subcommand failed.



Determining if the function __atomic_load_1 exists in the atomic failed with the following output:
Change Dir: D:/Workspaces/TWLLVMCLangFormat.Source/openmp/out/build/x64-Debug/CMakeFiles/CMakeTmp

Run Build Command(s):C:/Program Files (x86)/Microsoft Visual Studio/2019/Enterprise/Common7/IDE/CommonExtensions/Microsoft/CMake/Ninja/ninja.exe cmTC_8c571 && [1/2] Building C object CMakeFiles\cmTC_8c571.dir\CheckFunctionExists.c.obj
[2/2] Linking C executable cmTC_8c571.exe
FAILED: cmTC_8c571.exe 
cmd.exe /C "cd . && "C:\Program Files (x86)\Microsoft Visual Studio\2019\Enterprise\Common7\IDE\CommonExtensions\Microsoft\CMake\CMake\bin\cmake.exe" -E vs_link_exe --intdir=CMakeFiles\cmTC_8c571.dir --rc=C:\PROGRA~2\WI3CF2~1\10\bin\100183~1.0\x64\rc.exe --mt=C:\PROGRA~2\WI3CF2~1\10\bin\100183~1.0\x64\mt.exe --manifests  -- C:\PROGRA~2\MICROS~3\2019\ENTERP~1\VC\Tools\MSVC\1425~1.286\bin\Hostx64\x64\link.exe /nologo CMakeFiles\cmTC_8c571.dir\CheckFunctionExists.c.obj  /out:cmTC_8c571.exe /implib:cmTC_8c571.lib /pdb:cmTC_8c571.pdb /version:0.0  /machine:x64  /debug /INCREMENTAL /subsystem:console  atomic.lib  kernel32.lib user32.lib gdi32.lib winspool.lib shell32.lib ole32.lib oleaut32.lib uuid.lib comdlg32.lib advapi32.lib && cd ."
LINK Pass 1: command "C:\PROGRA~2\MICROS~3\2019\ENTERP~1\VC\Tools\MSVC\1425~1.286\bin\Hostx64\x64\link.exe /nologo CMakeFiles\cmTC_8c571.dir\CheckFunctionExists.c.obj /out:cmTC_8c571.exe /implib:cmTC_8c571.lib /pdb:cmTC_8c571.pdb /version:0.0 /machine:x64 /debug /INCREMENTAL /subsystem:console atomic.lib kernel32.lib user32.lib gdi32.lib winspool.lib shell32.lib ole32.lib oleaut32.lib uuid.lib comdlg32.lib advapi32.lib /MANIFEST /MANIFESTFILE:CMakeFiles\cmTC_8c571.dir/intermediate.manifest CMakeFiles\cmTC_8c571.dir/manifest.res" failed (exit code 1104) with the following output:
LINK : fatal error LNK1104: cannot open file 'atomic.lib'
ninja: build stopped: subcommand failed.



